<?xml version="1.0" encoding="UTF-8"?>
<!-- Generated by org.testng.reporters.JUnitReportReporter -->
<testsuite hostname="Harshs-MacBook-Air.local" failures="0" tests="3" name="TestNG.One" time="0.019" errors="0" timestamp="2023-10-16T11:56:29 IST" skipped="0">
  <testcase classname="TestNG.One" name="computers" time="0.001"/>
  <system-out/>
  <testcase classname="TestNG.One" name="books" time="0.014"/>
  <system-out/>
  <testcase classname="TestNG.One" name="electronics" time="0.004"/>
  <system-out/>
</testsuite> <!-- TestNG.One -->
