<?xml version="1.0" encoding="UTF-8"?>
<!-- Generated by org.testng.reporters.JUnitReportReporter -->
<testsuite hostname="Harshs-MacBook-Air.local" failures="0" tests="1" name="FrameworkIntro.BaseTest" time="0.008" errors="0" timestamp="2023-10-18T15:29:29 IST" skipped="0">
  <testcase classname="FrameworkIntro.BaseTest" name="test" time="0.008"/>
  <system-out/>
</testsuite> <!-- FrameworkIntro.BaseTest -->
