<?xml version="1.0" encoding="UTF-8"?>
<!-- Generated by org.testng.reporters.JUnitReportReporter -->
<testsuite hostname="Harshs-MacBook-Air.local" failures="0" tests="1" name="TestNG.Register" time="13.087" errors="0" timestamp="2023-10-16T17:06:43 IST" skipped="0">
  <testcase classname="TestNG.Register" name="register" time="13.087"/>
  <system-out/>
</testsuite> <!-- TestNG.Register -->
