<?xml version="1.0" encoding="UTF-8"?>
<!-- Generated by org.testng.reporters.JUnitReportReporter -->
<testsuite hostname="Harshs-MacBook-Air.local" failures="0" tests="3" name="TestNG.TestAttributes" time="0.021" errors="0" timestamp="2023-10-16T15:44:19 IST" skipped="0">
  <testcase classname="TestNG.TestAttributes" name="testAnnotation3" time="0.002"/>
  <system-out/>
  <testcase classname="TestNG.TestAttributes" name="testAnnotation2" time="0.018"/>
  <system-out/>
  <testcase classname="TestNG.TestAttributes" name="testAnnotation1" time="0.001"/>
  <system-out/>
</testsuite> <!-- TestNG.TestAttributes -->
