<?xml version="1.0" encoding="UTF-8"?>
<!-- Generated by org.testng.reporters.JUnitReportReporter -->
<testsuite hostname="Harshs-MacBook-Air.local" failures="0" tests="5" name="TestNG.Groups" time="0.015" errors="0" timestamp="2023-10-16T17:05:56 IST" skipped="0">
  <testcase classname="TestNG.Groups" name="testAnnotation1" time="0.007"/>
  <system-out/>
  <testcase classname="TestNG.Groups" name="testAnnotation5" time="0.002"/>
  <system-out/>
  <testcase classname="TestNG.Groups" name="testAnnotation4" time="0.002"/>
  <system-out/>
  <testcase classname="TestNG.Groups" name="testAnnotation2" time="0.001"/>
  <system-out/>
  <testcase classname="TestNG.Groups" name="testAnnotation3" time="0.003"/>
  <system-out/>
</testsuite> <!-- TestNG.Groups -->
