<?xml version="1.0" encoding="UTF-8"?>
<!-- Generated by org.testng.reporters.JUnitReportReporter -->
<testsuite hostname="Harshs-MacBook-Air.local" failures="0" tests="2" name="TestNG.DataproviderArrays" time="16.923" errors="0" timestamp="2023-10-17T12:19:03 IST" skipped="0">
  <testcase classname="TestNG.DataproviderArrays" name="dataDrivenTesting" time="6.866"/>
  <system-out/>
  <testcase classname="TestNG.DataproviderArrays" name="dataDrivenTesting" time="10.057"/>
  <system-out/>
</testsuite> <!-- TestNG.DataproviderArrays -->
