<?xml version="1.0" encoding="UTF-8"?>
<!-- Generated by org.testng.reporters.JUnitReportReporter -->
<testsuite hostname="Harshs-MacBook-Air.local" failures="0" tests="2" name="TestNG.DataProviderRegister" time="18.359" errors="0" timestamp="2023-10-17T12:32:58 IST" skipped="0">
  <testcase classname="TestNG.DataProviderRegister" name="register" time="8.205"/>
  <system-out/>
  <testcase classname="TestNG.DataProviderRegister" name="register" time="10.154"/>
  <system-out/>
</testsuite> <!-- TestNG.DataProviderRegister -->
