<?xml version="1.0" encoding="UTF-8"?>
<!-- Generated by org.testng.reporters.JUnitReportReporter -->
<testsuite hostname="Harshs-MacBook-Air.local" failures="0" tests="1" name="TestNG.Login" time="11.819" errors="0" timestamp="2023-10-16T17:06:43 IST" skipped="0">
  <testcase classname="TestNG.Login" name="login" time="11.819"/>
  <system-out/>
</testsuite> <!-- TestNG.Login -->
